<?xml version="1.0" encoding="UTF-8"?>
<coverage generated="1652265794372" clover="3.2.0">
  <project timestamp="1652265794372" name="All files">
    <metrics statements="29" coveredstatements="29" conditionals="4" coveredconditionals="4" methods="0" coveredmethods="0" elements="33" coveredelements="33" complexity="0" loc="29" ncloc="29" packages="2" files="2" classes="2"/>
    <package name="src">
      <metrics statements="14" coveredstatements="14" conditionals="1" coveredconditionals="1" methods="0" coveredmethods="0"/>
      <file name="index.js" path="C:\Users\Laura\Desktop\node_tp2\src\index.js">
        <metrics statements="14" coveredstatements="14" conditionals="1" coveredconditionals="1" methods="0" coveredmethods="0"/>
        <line num="1" count="1" type="cond" truecount="1" falsecount="0"/>
        <line num="2" count="1" type="stmt"/>
        <line num="3" count="1" type="stmt"/>
        <line num="4" count="1" type="stmt"/>
        <line num="5" count="1" type="stmt"/>
        <line num="6" count="1" type="stmt"/>
        <line num="7" count="1" type="stmt"/>
        <line num="8" count="1" type="stmt"/>
        <line num="9" count="1" type="stmt"/>
        <line num="10" count="1" type="stmt"/>
        <line num="11" count="1" type="stmt"/>
        <line num="12" count="1" type="stmt"/>
        <line num="13" count="1" type="stmt"/>
        <line num="14" count="1" type="stmt"/>
      </file>
    </package>
    <package name="src.common">
      <metrics statements="15" coveredstatements="15" conditionals="3" coveredconditionals="3" methods="0" coveredmethods="0"/>
      <file name="orm.config.js" path="C:\Users\Laura\Desktop\node_tp2\src\common\orm.config.js">
        <metrics statements="15" coveredstatements="15" conditionals="3" coveredconditionals="3" methods="0" coveredmethods="0"/>
        <line num="1" count="1" type="cond" truecount="1" falsecount="0"/>
        <line num="2" count="1" type="stmt"/>
        <line num="3" count="1" type="stmt"/>
        <line num="4" count="1" type="stmt"/>
        <line num="5" count="1" type="stmt"/>
        <line num="6" count="1" type="stmt"/>
        <line num="7" count="1" type="stmt"/>
        <line num="8" count="1" type="stmt"/>
        <line num="9" count="1" type="stmt"/>
        <line num="10" count="1" type="stmt"/>
        <line num="11" count="1" type="stmt"/>
        <line num="12" count="1" type="cond" truecount="1" falsecount="0"/>
        <line num="13" count="1" type="cond" truecount="1" falsecount="0"/>
        <line num="14" count="1" type="stmt"/>
        <line num="15" count="1" type="stmt"/>
      </file>
    </package>
  </project>
</coverage>
